
events.js:71
        throw arguments[1]; // Unhandled 'error' event
                       ^
Error: Connection lost: The server closed the connection.
    at Protocol.end (/var/www/node/node_modules/mysql/lib/protocol/Protocol.js:72:13)
    at Socket.onend (stream.js:66:10)
    at Socket.EventEmitter.emit (events.js:126:20)
    at TCP.onread (net.js:418:51)

events.js:71
        throw arguments[1]; // Unhandled 'error' event
                       ^
Error: Connection lost: The server closed the connection.
    at Protocol.end (/var/www/node/node_modules/mysql/lib/protocol/Protocol.js:72:13)
    at Socket.onend (stream.js:66:10)
    at Socket.EventEmitter.emit (events.js:126:20)
    at TCP.onread (net.js:418:51)

events.js:71
        throw arguments[1]; // Unhandled 'error' event
                       ^
Error: Connection lost: The server closed the connection.
    at Protocol.end (/var/www/node/node_modules/mysql/lib/protocol/Protocol.js:72:13)
    at Socket.onend (stream.js:66:10)
    at Socket.EventEmitter.emit (events.js:126:20)
    at TCP.onread (net.js:418:51)

events.js:71
        throw arguments[1]; // Unhandled 'error' event
                       ^
Error: Connection lost: The server closed the connection.
    at Protocol.end (/var/www/node/node_modules/mysql/lib/protocol/Protocol.js:72:13)
    at Socket.onend (stream.js:66:10)
    at Socket.EventEmitter.emit (events.js:126:20)
    at TCP.onread (net.js:418:51)

events.js:71
        throw arguments[1]; // Unhandled 'error' event
                       ^
Error: Connection lost: The server closed the connection.
    at Protocol.end (/var/www/node/node_modules/mysql/lib/protocol/Protocol.js:72:13)
    at Socket.onend (stream.js:66:10)
    at Socket.EventEmitter.emit (events.js:126:20)
    at TCP.onread (net.js:418:51)

events.js:71
        throw arguments[1]; // Unhandled 'error' event
                       ^
Error: Connection lost: The server closed the connection.
    at Protocol.end (/var/www/node/node_modules/mysql/lib/protocol/Protocol.js:72:13)
    at Socket.onend (stream.js:66:10)
    at Socket.EventEmitter.emit (events.js:126:20)
    at TCP.onread (net.js:418:51)

events.js:71
        throw arguments[1]; // Unhandled 'error' event
                       ^
Error: Connection lost: The server closed the connection.
    at Protocol.end (/var/www/node/node_modules/mysql/lib/protocol/Protocol.js:72:13)
    at Socket.onend (stream.js:66:10)
    at Socket.EventEmitter.emit (events.js:126:20)
    at TCP.onread (net.js:418:51)

events.js:71
        throw arguments[1]; // Unhandled 'error' event
                       ^
Error: Connection lost: The server closed the connection.
    at Protocol.end (/var/www/node/node_modules/mysql/lib/protocol/Protocol.js:72:13)
    at Socket.onend (stream.js:66:10)
    at Socket.EventEmitter.emit (events.js:126:20)
    at TCP.onread (net.js:418:51)

events.js:71
        throw arguments[1]; // Unhandled 'error' event
                       ^
Error: Connection lost: The server closed the connection.
    at Protocol.end (/var/www/node/node_modules/mysql/lib/protocol/Protocol.js:72:13)
    at Socket.onend (stream.js:66:10)
    at Socket.EventEmitter.emit (events.js:126:20)
    at TCP.onread (net.js:418:51)

Sending response...
Sending response...
Sending response...
Request received for sensor(s) 303
Sending response...
Data API is active on port 6227
Sending response...
Sending response...
Sending response...
Sending response...
Sending response...
Sending response...
Sending response...
Sending response...
Sending response...
Sending response...
Sending response...
Sending response...
Sending response...
Sending response...
Sending response...
Sending response...
Sending response...
Sending response...
Sending response...
Sending response...
Sending response...
Sending response...
Sending response...
Sending response...
Sending response...
Sending response...
Request received for sensor(s) 251
Sending response...
Request received for sensor(s) 61,118
Sending response...
Sending response...
Sending response...
Sending response...
Sending response...
Sending response...
Sending response...
Sending response...
Sending response...
Sending response...
Sending response...
Sending response...
Sending response...
Sending response...
Sending response...
Sending response...
Sending response...
Sending response...
Sending response...
Sending response...
Sending response...
Sending response...
Sending response...
Sending response...
Sending response...
Sending response...
Sending response...
Sending response...
Sending response...
Sending response...
Request received for sensor(s) 126
Sending response...
Sending response...
Sending response...
Sending response...
Sending response...
Sending response...
Sending response...
Sending response...
Sending response...
Sending response...
Sending response...
Sending response...
Sending response...
Sending response...
Sending response...
Sending response...
Data API is active on port 6227
Sending response...
Sending response...
Sending response...
Sending response...
Sending response...
Sending response...
Sending response...
Request received for sensor(s) 134
Sending response...
Data API is active on port 6227
Sending response...
Sending response...
Sending response...
Sending response...
Sending response...
Sending response...
Sending response...
Sending response...
Sending response...
Sending response...
Sending response...
Sending response...
Sending response...
Sending response...
Sending response...
Sending response...
Sending response...
Sending response...
Sending response...
Sending response...
Sending response...
Sending response...
Sending response...
Sending response...
Sending response...
Sending response...
Sending response...
Sending response...
Sending response...
Sending response...
Sending response...
Sending response...
Sending response...
Sending response...
Sending response...
Sending response...
Sending response...
Sending response...
Sending response...
Sending response...
Sending response...
Sending response...
Sending response...
Sending response...
Sending response...
Sending response...
Sending response...
Sending response...
Sending response...
Sending response...
Sending response...
Sending response...
Request received for sensor(s) 1264,1269
Sending response...
Sending response...
Sending response...
Sending response...
Sending response...
Sending response...
Sending response...
Sending response...
Sending response...
Sending response...
Sending response...
Sending response...
Sending response...
Sending response...
Sending response...
Sending response...
Sending response...
Sending response...
Sending response...
Sending response...
Sending response...
Sending response...
Sending response...
Sending response...
Sending response...
Sending response...
Sending response...
Sending response...
Sending response...
Sending response...
Sending response...
Sending response...
Sending response...
Sending response...
Sending response...
Sending response...
Sending response...
Sending response...
Sending response...
Sending response...
Sending response...
Sending response...
Sending response...
Sending response...
Sending response...
Sending response...
Sending response...
Sending response...
Sending response...
Sending response...
Sending response...
Sending response...
Sending response...
Sending response...
Sending response...
Sending response...
Sending response...
Sending response...
Sending response...
Sending response...
Sending response...
Sending response...
Sending response...
Sending response...
Sending response...
Sending response...
Sending response...
Request received for sensor(s) 838
Sending response...
Sending response...
Sending response...
Sending response...
Sending response...
Sending response...
Sending response...
Sending response...
Sending response...
Sending response...
Sending response...
Sending response...
Sending response...
Sending response...
Request received for sensor(s) 838
Sending response...
Sending response...
Sending response...
Sending response...
Sending response...
Sending response...
Sending response...
Sending response...
Sending response...
Sending response...
Sending response...
Request received for sensor(s) 839
Sending response...
Sending response...
Sending response...
Sending response...
Sending response...
Sending response...
Sending response...
Sending response...
Sending response...
Sending response...
Sending response...
Request received for sensor(s) 839
Sending response...
Request received for sensor(s) 703
Sending response...
Sending response...
Sending response...
Sending response...
Sending response...
Sending response...
Sending response...
Sending response...
Request received for sensor(s) 1251
Sending response...
Request received for sensor(s) 2,7,10
Sending response...
Sending response...
Sending response...
Sending response...
Request received for sensor(s) 2,7,10
Sending response...
Sending response...
Sending response...
Sending response...
Request received for sensor(s) 2,7,10
Sending response...
Sending response...
Sending response...
Sending response...
Request received for sensor(s) 2,7,10
Sending response...
Sending response...
Sending response...
Sending response...
Request received for sensor(s) 2,7,10
Sending response...
Sending response...
Sending response...
Sending response...
Request received for sensor(s) 2,7,10
Sending response...
Request received for sensor(s) 2,7,10
Sending response...
Request received for sensor(s) 2,7,10
Sending response...
Request received for sensor(s) 2,7,10
Sending response...
Request received for sensor(s) 2,7,10
Sending response...
Request received for sensor(s) 2,7,10
Sending response...
Request received for sensor(s) 2,7,10
Sending response...
Request received for sensor(s) 2,7,10
Sending response...
Sending response...
Sending response...
Sending response...
Request received for sensor(s) 2,7,10
Sending response...
Sending response...
Sending response...
Sending response...
Request received for sensor(s) 2,7,10
Sending response...
Sending response...
Sending response...
Sending response...
Request received for sensor(s) 2,7,10
Sending response...
Sending response...
Sending response...
Sending response...
Request received for sensor(s) 2,7,10
Sending response...
Request received for sensor(s) 2,7,10
Sending response...
Sending response...
Sending response...
Sending response...
Request received for sensor(s) 2,7,10
Sending response...
Sending response...
Sending response...
Sending response...
Request received for sensor(s) 2,7,10
Sending response...
Sending response...
Sending response...
Sending response...
Request received for sensor(s) 2,7,10
Sending response...
Sending response...
Sending response...
Sending response...
Sending response...
Sending response...
Sending response...
Sending response...
Sending response...
Sending response...
Sending response...
Request received for sensor(s) 1250,1251
Sending response...
Sending response...
Sending response...
Sending response...
Sending response...
Sending response...
Sending response...
Sending response...
Request received for sensor(s) 1250,1251
Sending response...
Data API is active on port 6227
Sending response...
Sending response...
Sending response...
Request received for sensor(s) 2,7,10
Sending response...
Sending response...
Sending response...
Sending response...
Request received for sensor(s) 2,7,10
Sending response...
Sending response...
Sending response...
Sending response...
Request received for sensor(s) 2,7,10
Sending response...
Request received for sensor(s) 2,7,10
Sending response...
Sending response...
Sending response...
Sending response...
Request received for sensor(s) 2,7,10
Sending response...
Request received for sensor(s) 2,7,10
Sending response...
Sending response...
Sending response...
Sending response...
Request received for sensor(s) 2,7,10
Sending response...
Sending response...
Sending response...
Sending response...
Request received for sensor(s) 2,7,10
Sending response...
Sending response...
Sending response...
Sending response...
Data API is active on port 6227
Request received for sensor(s) 2,7,10
Sending response...
Sending response...
Sending response...
Sending response...
Request received for sensor(s) 2,7,10
Sending response...
Sending response...
Sending response...
Sending response...
Request received for sensor(s) 2,7,10
Sending response...
Sending response...
Sending response...
Sending response...
Request received for sensor(s) 2,7,10
Sending response...
Sending response...
Sending response...
Sending response...
Data API is active on port 6227
Request received for sensor(s) 7
Sending response...
Request received for sensor(s) 7
Sending response...
Request received for sensor(s) 7
Sending response...
Data API is active on port 6227
Request received for sensor(s) 2,7,10
Sending response...
Sending response...
Sending response...
Sending response...
Request received for sensor(s) 2,7,10
Sending response...
Sending response...
Sending response...
Sending response...
Request received for sensor(s) 2,7,10
Sending response...
Sending response...
Sending response...
Sending response...
Request received for sensor(s) 2,7,10
Sending response...
Sending response...
Sending response...
Sending response...
Data API is active on port 6227
Request received for sensor(s) 2,7,10
Sending response...
Sending response...
Sending response...
Sending response...
Request received for sensor(s) 2,7,10
Sending response...
Sending response...
Sending response...
Sending response...
Request received for sensor(s) 2,7,10
Sending response...
Sending response...
Sending response...
Sending response...
Sending response...
Sending response...
Sending response...
Sending response...
Sending response...
Sending response...
Data API is active on port 6227
Request received for sensor(s) 2,7,10
Sending response...
Sending response...
Sending response...
Sending response...
Request received for sensor(s) 2,7,10
Sending response...
Sending response...
Sending response...
Sending response...
Request received for sensor(s) 2,7,10
Sending response...
Sending response...
Sending response...
Sending response...
Request received for sensor(s) 2,7,10
Sending response...
Sending response...
Sending response...
Sending response...
Request received for sensor(s) 2,7,10
Sending response...
Sending response...
Sending response...
Sending response...
Request received for sensor(s) 2,7,10
Sending response...
Sending response...
Sending response...
Sending response...
Request received for sensor(s) 2,7,10
Sending response...
Sending response...
Sending response...
Sending response...
Request received for sensor(s) 2,7,10
Sending response...
Sending response...
Sending response...
Sending response...
Request received for sensor(s) 2,7,10
Sending response...
Sending response...
Sending response...
Sending response...
Request received for sensor(s) 2,7,10
Sending response...
Sending response...
Sending response...
Sending response...
Request received for sensor(s) 2,7,10
Sending response...
Sending response...
Sending response...
Sending response...
Request received for sensor(s) 2,7,10
Sending response...
Sending response...
Sending response...
Sending response...
Sending response...
Sending response...
Sending response...
Sending response...
Sending response...
Sending response...
Request received for sensor(s) 2,7,10
Sending response...
Sending response...
Sending response...
Sending response...
Request received for sensor(s) 2,7,10
Sending response...
Sending response...
Sending response...
Sending response...
Request received for sensor(s) 2,7,10
Sending response...
Sending response...
Sending response...
Sending response...
Request received for sensor(s) 2,7,10
Sending response...
Sending response...
Sending response...
Sending response...
Request received for sensor(s) 2,7,10
Sending response...
Sending response...
Sending response...
Sending response...
Request received for sensor(s) 2,7,10
Sending response...
Sending response...
Sending response...
Sending response...
Request received for sensor(s) 2,7,10
Sending response...
Sending response...
Sending response...
Sending response...
Request received for sensor(s) 2,7,10
Sending response...
Sending response...
Sending response...
Sending response...
Request received for sensor(s) 2,7,10
Sending response...
Sending response...
Sending response...
Sending response...
Request received for sensor(s) 2,7,10
Sending response...
Sending response...
Sending response...
Sending response...
Request received for sensor(s) 2,7,10
Sending response...
Sending response...
Sending response...
Sending response...
Request received for sensor(s) 2,7,10
Sending response...
Sending response...
Sending response...
Sending response...
Request received for sensor(s) 2,7,10
Sending response...
Sending response...
{ [Error: ER_CON_COUNT_ERROR: Too many connections] code: 'ER_CON_COUNT_ERROR', fatal: true }
Sending response...
{ [Error: ER_CON_COUNT_ERROR: Too many connections] code: 'ER_CON_COUNT_ERROR', fatal: true }
Sending response...
{ [Error: ER_CON_COUNT_ERROR: Too many connections] code: 'ER_CON_COUNT_ERROR', fatal: true }
